0 info it worked if it ends with ok
1 verbose cli [ 'D:\\nodejs\\\\node.exe',
1 verbose cli   'D:\\nodejs\\node_modules\\npm\\bin\\npm-cli.js',
1 verbose cli   'publish',
1 verbose cli   '--registry',
1 verbose cli   'http://registry.npmjs.org',
1 verbose cli   '--proxy',
1 verbose cli   'http://proxy.tencent.com:8080' ]
2 info using npm@1.4.3
3 info using node@v0.10.26
4 verbose node symlink D:\nodejs\\node.exe
5 verbose publish [ '.' ]
6 verbose cache add [ '.', null ]
7 verbose cache add name=undefined spec="." args=[".",null]
8 verbose parsed url { protocol: null,
8 verbose parsed url   slashes: null,
8 verbose parsed url   auth: null,
8 verbose parsed url   host: null,
8 verbose parsed url   port: null,
8 verbose parsed url   hostname: null,
8 verbose parsed url   hash: null,
8 verbose parsed url   search: null,
8 verbose parsed url   query: null,
8 verbose parsed url   pathname: '.',
8 verbose parsed url   path: '.',
8 verbose parsed url   href: '.' }
9 silly lockFile 3a52ce78- .
10 verbose lock . C:\Users\jameszuo\AppData\Roaming\npm-cache\3a52ce78-.lock
11 verbose tar pack [ 'C:\\Users\\jameszuo\\AppData\\Local\\Temp\\npm-12044-afFG6BcT\\1397189579431-0.11102318251505494\\tmp.tgz',
11 verbose tar pack   '.' ]
12 verbose tarball C:\Users\jameszuo\AppData\Local\Temp\npm-12044-afFG6BcT\1397189579431-0.11102318251505494\tmp.tgz
13 verbose folder .
14 info prepublish NodeCharts@0.0.1
15 silly lockFile 1f1177db-tar tar://.
16 verbose lock tar://. C:\Users\jameszuo\AppData\Roaming\npm-cache\1f1177db-tar.lock
17 silly lockFile f30dc728-9431-0-11102318251505494-tmp-tgz tar://C:\Users\jameszuo\AppData\Local\Temp\npm-12044-afFG6BcT\1397189579431-0.11102318251505494\tmp.tgz
18 verbose lock tar://C:\Users\jameszuo\AppData\Local\Temp\npm-12044-afFG6BcT\1397189579431-0.11102318251505494\tmp.tgz C:\Users\jameszuo\AppData\Roaming\npm-cache\f30dc728-9431-0-11102318251505494-tmp-tgz.lock
19 silly lockFile 1f1177db-tar tar://.
20 silly lockFile 1f1177db-tar tar://.
21 silly lockFile f30dc728-9431-0-11102318251505494-tmp-tgz tar://C:\Users\jameszuo\AppData\Local\Temp\npm-12044-afFG6BcT\1397189579431-0.11102318251505494\tmp.tgz
22 silly lockFile f30dc728-9431-0-11102318251505494-tmp-tgz tar://C:\Users\jameszuo\AppData\Local\Temp\npm-12044-afFG6BcT\1397189579431-0.11102318251505494\tmp.tgz
23 verbose tar unpack C:\Users\jameszuo\AppData\Local\Temp\npm-12044-afFG6BcT\1397189579431-0.11102318251505494\tmp.tgz
24 silly lockFile d4224076-9431-0-11102318251505494-package tar://C:\Users\jameszuo\AppData\Local\Temp\npm-12044-afFG6BcT\1397189579431-0.11102318251505494\package
25 verbose lock tar://C:\Users\jameszuo\AppData\Local\Temp\npm-12044-afFG6BcT\1397189579431-0.11102318251505494\package C:\Users\jameszuo\AppData\Roaming\npm-cache\d4224076-9431-0-11102318251505494-package.lock
26 silly lockFile f30dc728-9431-0-11102318251505494-tmp-tgz tar://C:\Users\jameszuo\AppData\Local\Temp\npm-12044-afFG6BcT\1397189579431-0.11102318251505494\tmp.tgz
27 verbose lock tar://C:\Users\jameszuo\AppData\Local\Temp\npm-12044-afFG6BcT\1397189579431-0.11102318251505494\tmp.tgz C:\Users\jameszuo\AppData\Roaming\npm-cache\f30dc728-9431-0-11102318251505494-tmp-tgz.lock
28 silly gunzTarPerm modes [ '755', '644' ]
29 silly gunzTarPerm extractEntry package.json
30 silly gunzTarPerm modified mode [ 'package.json', 438, 420 ]
31 silly gunzTarPerm extractEntry README
32 silly gunzTarPerm modified mode [ 'README', 438, 420 ]
33 silly gunzTarPerm extractEntry NodeCharts.js
34 silly gunzTarPerm modified mode [ 'NodeCharts.js', 438, 420 ]
35 silly gunzTarPerm extractEntry Line.js
36 silly gunzTarPerm modified mode [ 'Line.js', 438, 420 ]
37 silly gunzTarPerm extractEntry Circle.js
38 silly gunzTarPerm modified mode [ 'Circle.js', 438, 420 ]
39 silly gunzTarPerm extractEntry Utils.js
40 silly gunzTarPerm modified mode [ 'Utils.js', 438, 420 ]
41 silly gunzTarPerm extractEntry index.js
42 silly gunzTarPerm modified mode [ 'index.js', 438, 420 ]
43 silly gunzTarPerm extractEntry Circle.map
44 silly gunzTarPerm modified mode [ 'Circle.map', 438, 420 ]
45 silly gunzTarPerm extractEntry Line.coffee
46 silly gunzTarPerm modified mode [ 'Line.coffee', 438, 420 ]
47 silly gunzTarPerm extractEntry Utils.coffee
48 silly gunzTarPerm modified mode [ 'Utils.coffee', 438, 420 ]
49 silly gunzTarPerm extractEntry Circle.coffee
50 silly gunzTarPerm modified mode [ 'Circle.coffee', 438, 420 ]
51 silly gunzTarPerm extractEntry Line.map
52 silly gunzTarPerm modified mode [ 'Line.map', 438, 420 ]
53 silly gunzTarPerm extractEntry NodeCharts.coffee
54 silly gunzTarPerm modified mode [ 'NodeCharts.coffee', 438, 420 ]
55 silly gunzTarPerm extractEntry test/test.js
56 silly gunzTarPerm modified mode [ 'test/test.js', 438, 420 ]
57 silly gunzTarPerm extractEntry test/test.coffee
58 silly gunzTarPerm modified mode [ 'test/test.coffee', 438, 420 ]
59 silly lockFile d4224076-9431-0-11102318251505494-package tar://C:\Users\jameszuo\AppData\Local\Temp\npm-12044-afFG6BcT\1397189579431-0.11102318251505494\package
60 silly lockFile d4224076-9431-0-11102318251505494-package tar://C:\Users\jameszuo\AppData\Local\Temp\npm-12044-afFG6BcT\1397189579431-0.11102318251505494\package
61 silly lockFile f30dc728-9431-0-11102318251505494-tmp-tgz tar://C:\Users\jameszuo\AppData\Local\Temp\npm-12044-afFG6BcT\1397189579431-0.11102318251505494\tmp.tgz
62 silly lockFile f30dc728-9431-0-11102318251505494-tmp-tgz tar://C:\Users\jameszuo\AppData\Local\Temp\npm-12044-afFG6BcT\1397189579431-0.11102318251505494\tmp.tgz
63 verbose tar pack [ 'C:\\Users\\jameszuo\\AppData\\Roaming\\npm-cache\\NodeCharts\\0.0.1\\package.tgz',
63 verbose tar pack   'C:\\Users\\jameszuo\\AppData\\Local\\Temp\\npm-12044-afFG6BcT\\1397189579431-0.11102318251505494\\package' ]
64 verbose tarball C:\Users\jameszuo\AppData\Roaming\npm-cache\NodeCharts\0.0.1\package.tgz
65 verbose folder C:\Users\jameszuo\AppData\Local\Temp\npm-12044-afFG6BcT\1397189579431-0.11102318251505494\package
66 silly lockFile d4224076-9431-0-11102318251505494-package tar://C:\Users\jameszuo\AppData\Local\Temp\npm-12044-afFG6BcT\1397189579431-0.11102318251505494\package
67 verbose lock tar://C:\Users\jameszuo\AppData\Local\Temp\npm-12044-afFG6BcT\1397189579431-0.11102318251505494\package C:\Users\jameszuo\AppData\Roaming\npm-cache\d4224076-9431-0-11102318251505494-package.lock
68 silly lockFile a394ea12-che-NodeCharts-0-0-1-package-tgz tar://C:\Users\jameszuo\AppData\Roaming\npm-cache\NodeCharts\0.0.1\package.tgz
69 verbose lock tar://C:\Users\jameszuo\AppData\Roaming\npm-cache\NodeCharts\0.0.1\package.tgz C:\Users\jameszuo\AppData\Roaming\npm-cache\a394ea12-che-NodeCharts-0-0-1-package-tgz.lock
70 silly lockFile d4224076-9431-0-11102318251505494-package tar://C:\Users\jameszuo\AppData\Local\Temp\npm-12044-afFG6BcT\1397189579431-0.11102318251505494\package
71 silly lockFile d4224076-9431-0-11102318251505494-package tar://C:\Users\jameszuo\AppData\Local\Temp\npm-12044-afFG6BcT\1397189579431-0.11102318251505494\package
72 silly lockFile a394ea12-che-NodeCharts-0-0-1-package-tgz tar://C:\Users\jameszuo\AppData\Roaming\npm-cache\NodeCharts\0.0.1\package.tgz
73 silly lockFile a394ea12-che-NodeCharts-0-0-1-package-tgz tar://C:\Users\jameszuo\AppData\Roaming\npm-cache\NodeCharts\0.0.1\package.tgz
74 silly lockFile d40e0bff-m-cache-NodeCharts-0-0-1-package C:\Users\jameszuo\AppData\Roaming\npm-cache\NodeCharts\0.0.1\package
75 verbose lock C:\Users\jameszuo\AppData\Roaming\npm-cache\NodeCharts\0.0.1\package C:\Users\jameszuo\AppData\Roaming\npm-cache\d40e0bff-m-cache-NodeCharts-0-0-1-package.lock
76 silly lockFile d40e0bff-m-cache-NodeCharts-0-0-1-package C:\Users\jameszuo\AppData\Roaming\npm-cache\NodeCharts\0.0.1\package
77 silly lockFile d40e0bff-m-cache-NodeCharts-0-0-1-package C:\Users\jameszuo\AppData\Roaming\npm-cache\NodeCharts\0.0.1\package
78 verbose tar unpack C:\Users\jameszuo\AppData\Roaming\npm-cache\NodeCharts\0.0.1\package.tgz
79 silly lockFile a1e2d93f-m-cache-NodeCharts-0-0-1-package tar://C:\Users\jameszuo\AppData\Roaming\npm-cache\NodeCharts\0.0.1\package
80 verbose lock tar://C:\Users\jameszuo\AppData\Roaming\npm-cache\NodeCharts\0.0.1\package C:\Users\jameszuo\AppData\Roaming\npm-cache\a1e2d93f-m-cache-NodeCharts-0-0-1-package.lock
81 silly lockFile a394ea12-che-NodeCharts-0-0-1-package-tgz tar://C:\Users\jameszuo\AppData\Roaming\npm-cache\NodeCharts\0.0.1\package.tgz
82 verbose lock tar://C:\Users\jameszuo\AppData\Roaming\npm-cache\NodeCharts\0.0.1\package.tgz C:\Users\jameszuo\AppData\Roaming\npm-cache\a394ea12-che-NodeCharts-0-0-1-package-tgz.lock
83 silly gunzTarPerm modes [ '755', '644' ]
84 silly gunzTarPerm extractEntry package.json
85 silly gunzTarPerm modified mode [ 'package.json', 438, 420 ]
86 silly gunzTarPerm extractEntry README
87 silly gunzTarPerm modified mode [ 'README', 438, 420 ]
88 silly gunzTarPerm extractEntry NodeCharts.js
89 silly gunzTarPerm modified mode [ 'NodeCharts.js', 438, 420 ]
90 silly gunzTarPerm extractEntry Line.js
91 silly gunzTarPerm modified mode [ 'Line.js', 438, 420 ]
92 silly gunzTarPerm extractEntry Circle.js
93 silly gunzTarPerm modified mode [ 'Circle.js', 438, 420 ]
94 silly gunzTarPerm extractEntry Utils.js
95 silly gunzTarPerm modified mode [ 'Utils.js', 438, 420 ]
96 silly gunzTarPerm extractEntry index.js
97 silly gunzTarPerm modified mode [ 'index.js', 438, 420 ]
98 silly gunzTarPerm extractEntry Circle.map
99 silly gunzTarPerm modified mode [ 'Circle.map', 438, 420 ]
100 silly gunzTarPerm extractEntry Line.coffee
101 silly gunzTarPerm modified mode [ 'Line.coffee', 438, 420 ]
102 silly gunzTarPerm extractEntry Utils.coffee
103 silly gunzTarPerm modified mode [ 'Utils.coffee', 438, 420 ]
104 silly gunzTarPerm extractEntry Circle.coffee
105 silly gunzTarPerm modified mode [ 'Circle.coffee', 438, 420 ]
106 silly gunzTarPerm extractEntry Line.map
107 silly gunzTarPerm modified mode [ 'Line.map', 438, 420 ]
108 silly gunzTarPerm extractEntry NodeCharts.coffee
109 silly gunzTarPerm modified mode [ 'NodeCharts.coffee', 438, 420 ]
110 silly gunzTarPerm extractEntry test/test.js
111 silly gunzTarPerm modified mode [ 'test/test.js', 438, 420 ]
112 silly gunzTarPerm extractEntry test/test.coffee
113 silly gunzTarPerm modified mode [ 'test/test.coffee', 438, 420 ]
114 silly lockFile a1e2d93f-m-cache-NodeCharts-0-0-1-package tar://C:\Users\jameszuo\AppData\Roaming\npm-cache\NodeCharts\0.0.1\package
115 silly lockFile a1e2d93f-m-cache-NodeCharts-0-0-1-package tar://C:\Users\jameszuo\AppData\Roaming\npm-cache\NodeCharts\0.0.1\package
116 silly lockFile a394ea12-che-NodeCharts-0-0-1-package-tgz tar://C:\Users\jameszuo\AppData\Roaming\npm-cache\NodeCharts\0.0.1\package.tgz
117 silly lockFile a394ea12-che-NodeCharts-0-0-1-package-tgz tar://C:\Users\jameszuo\AppData\Roaming\npm-cache\NodeCharts\0.0.1\package.tgz
118 verbose chmod C:\Users\jameszuo\AppData\Roaming\npm-cache\NodeCharts\0.0.1\package.tgz 644
119 silly chown skipping for windows C:\Users\jameszuo\AppData\Roaming\npm-cache\NodeCharts\0.0.1\package.tgz
120 silly lockFile 3a52ce78- .
121 silly lockFile 3a52ce78- .
122 silly publish { name: 'NodeCharts',
122 silly publish   version: '0.0.1',
122 silly publish   author: { name: 'charmingzuo@gmail.com' },
122 silly publish   description: 'A charts util for NodeJs and browsers, without dependencies',
122 silly publish   private: false,
122 silly publish   devDependencies: { 'coffee-script': '~1.7.1' },
122 silly publish   readme: 'A charts util for NodeJs and browsers\r\n\r\nUnfinished...',
122 silly publish   readmeFilename: 'README',
122 silly publish   _id: 'NodeCharts@0.0.1',
122 silly publish   dist: { shasum: 'c05023400123d317d6789f431ee366063c259bf2' },
122 silly publish   _from: '.' }
123 verbose url raw NodeCharts
124 verbose url resolving [ 'http://registry.npmjs.org/', './NodeCharts' ]
125 verbose url resolved http://registry.npmjs.org/NodeCharts
126 info trying registry request attempt 1 at 12:12:59
127 http PUT http://registry.npmjs.org/NodeCharts
128 http 403 http://registry.npmjs.org/NodeCharts
129 error publish Failed PUT 403
130 error Error: forbidden New packages must have all-lowercase names: NodeCharts
130 error     at RegClient.<anonymous> (D:\nodejs\node_modules\npm\node_modules\npm-registry-client\lib\request.js:237:14)
130 error     at Request.self.callback (D:\nodejs\node_modules\npm\node_modules\request\request.js:123:22)
130 error     at Request.EventEmitter.emit (events.js:98:17)
130 error     at Request.<anonymous> (D:\nodejs\node_modules\npm\node_modules\request\request.js:893:14)
130 error     at Request.EventEmitter.emit (events.js:117:20)
130 error     at IncomingMessage.<anonymous> (D:\nodejs\node_modules\npm\node_modules\request\request.js:844:12)
130 error     at IncomingMessage.EventEmitter.emit (events.js:117:20)
130 error     at _stream_readable.js:920:16
130 error     at process._tickCallback (node.js:415:13)
131 error If you need help, you may report this *entire* log,
131 error including the npm and node versions, at:
131 error     <http://github.com/npm/npm/issues>
132 error System Windows_NT 6.1.7601
133 error command "D:\\nodejs\\\\node.exe" "D:\\nodejs\\node_modules\\npm\\bin\\npm-cli.js" "publish" "--registry" "http://registry.npmjs.org" "--proxy" "http://proxy.tencent.com:8080"
134 error cwd C:\Users\jameszuo\Documents\GitHub\NodeCharts
135 error node -v v0.10.26
136 error npm -v 1.4.3
137 verbose exit [ 1, true ]
